  Object.cpp
  Simulation.cpp
C:\Users\Radek\Desktop\RockPaperSim\Simulation.cpp(51,12): warning C4244: "argument": konwersja z "time_t" do "unsigned int", możliwa utrata danych
C:\Users\Radek\Desktop\RockPaperSim\Simulation.cpp(63,134): warning C4244: "argument": konwersja z "double" do "int", możliwa utrata danych
C:\Users\Radek\Desktop\RockPaperSim\Simulation.cpp(63,112): warning C4244: "argument": konwersja z "double" do "int", możliwa utrata danych
C:\Users\Radek\Desktop\RockPaperSim\Simulation.cpp(63,47): warning C4244: "argument": konwersja z "double" do "int", możliwa utrata danych
C:\Users\Radek\Desktop\RockPaperSim\Simulation.cpp(63,28): warning C4244: "argument": konwersja z "double" do "int", możliwa utrata danych
  Window.cpp
C:\Users\Radek\Desktop\RockPaperSim\Window.cpp(88,2): warning C4996: 'sprintf': This function or variable may be unsafe. Consider using sprintf_s instead. To disable deprecation, use _CRT_SECURE_NO_WARNINGS. See online help for details.
C:\Users\Radek\Desktop\RockPaperSim\Window.cpp(92,2): warning C4996: 'sprintf': This function or variable may be unsafe. Consider using sprintf_s instead. To disable deprecation, use _CRT_SECURE_NO_WARNINGS. See online help for details.
C:\Users\Radek\Desktop\RockPaperSim\Window.cpp(96,2): warning C4996: 'sprintf': This function or variable may be unsafe. Consider using sprintf_s instead. To disable deprecation, use _CRT_SECURE_NO_WARNINGS. See online help for details.
C:\Users\Radek\Desktop\RockPaperSim\Window.cpp(100,2): warning C4996: 'sprintf': This function or variable may be unsafe. Consider using sprintf_s instead. To disable deprecation, use _CRT_SECURE_NO_WARNINGS. See online help for details.
C:\Users\Radek\Desktop\RockPaperSim\Window.cpp(104,2): warning C4996: 'sprintf': This function or variable may be unsafe. Consider using sprintf_s instead. To disable deprecation, use _CRT_SECURE_NO_WARNINGS. See online help for details.
C:\Users\Radek\Desktop\RockPaperSim\Window.cpp(117,109): warning C4244: "argument": konwersja z "double" do "int", możliwa utrata danych
C:\Users\Radek\Desktop\RockPaperSim\Window.cpp(117,75): warning C4244: "argument": konwersja z "double" do "int", możliwa utrata danych
C:\Users\Radek\Desktop\RockPaperSim\Window.cpp(121,96): warning C4244: "argument": konwersja z "double" do "int", możliwa utrata danych
C:\Users\Radek\Desktop\RockPaperSim\Window.cpp(121,58): warning C4244: "argument": konwersja z "double" do "int", możliwa utrata danych
C:\Users\Radek\Desktop\RockPaperSim\Window.cpp(127,105): warning C4244: "argument": konwersja z "double" do "int", możliwa utrata danych
C:\Users\Radek\Desktop\RockPaperSim\Window.cpp(127,59): warning C4244: "argument": konwersja z "double" do "int", możliwa utrata danych
C:\Users\Radek\Desktop\RockPaperSim\Window.cpp(120,3): warning C4996: 'sprintf': This function or variable may be unsafe. Consider using sprintf_s instead. To disable deprecation, use _CRT_SECURE_NO_WARNINGS. See online help for details.
C:\Users\Radek\Desktop\RockPaperSim\Window.cpp(141,3): warning C4996: 'sprintf': This function or variable may be unsafe. Consider using sprintf_s instead. To disable deprecation, use _CRT_SECURE_NO_WARNINGS. See online help for details.
C:\Users\Radek\Desktop\RockPaperSim\Window.cpp(145,4): warning C4996: 'sprintf': This function or variable may be unsafe. Consider using sprintf_s instead. To disable deprecation, use _CRT_SECURE_NO_WARNINGS. See online help for details.
C:\Users\Radek\Desktop\RockPaperSim\Window.cpp(151,4): warning C4996: 'sprintf': This function or variable may be unsafe. Consider using sprintf_s instead. To disable deprecation, use _CRT_SECURE_NO_WARNINGS. See online help for details.
C:\Users\Radek\Desktop\RockPaperSim\Window.cpp(157,4): warning C4996: 'sprintf': This function or variable may be unsafe. Consider using sprintf_s instead. To disable deprecation, use _CRT_SECURE_NO_WARNINGS. See online help for details.
  main.cpp
  Generowanie kodu...
C:\Users\Radek\Desktop\RockPaperSim\Object.cpp(97): warning C4715: "Object::typeToString”: niewszystkie ścieżki kodu zwracają wartość
  szablon2vs19.vcxproj -> C:\Users\Radek\Desktop\RockPaperSim\x64\Debug\szablon2vs19.exe
